<?xml version="1.0" encoding="UTF-8" ?>
<testsuite errors="0" failures="0" hostname="JIKA-PC" name="CalculatriceTest" skipped="0" tests="4" time="0.296" timestamp="2018-12-08T17:19:30">
  <properties>
[...]
</properties>
  <testcase classname="CalculatriceTest" name="testMoins" time="0.001" />
  <testcase classname="CalculatriceTest" name="testDiv1" time="0.0" />
  <testcase classname="CalculatriceTest" name="testFois" time="0.001" />
  <testcase classname="CalculatriceTest" name="testPlus" time="0.0" />
  <system-out><![CDATA[moins
div
fois
plus
]]></system-out>
  <system-err><![CDATA[]]></system-err>
</testsuite>
